app/manifest-merger-release-report.txt
-- Merging decision tree log ---
manifest
ADDED from AndroidManifest.xml:2:1
	xmlns:android
		ADDED from AndroidManifest.xml:2:11
	package
		ADDED from AndroidManifest.xml:3:5
		INJECTED from AndroidManifest.xml:0:0
		INJECTED from AndroidManifest.xml:0:0
	android:versionName
		INJECTED from AndroidManifest.xml:0:0
		INJECTED from AndroidManifest.xml:0:0
	android:versionCode
		INJECTED from AndroidManifest.xml:0:0
		INJECTED from AndroidManifest.xml:0:0
uses-permission#android.permission.INTERNET
ADDED from AndroidManifest.xml:5:5
	android:name
		ADDED from AndroidManifest.xml:5:22
application
ADDED from AndroidManifest.xml:13:5
MERGED from com.android.support:appcompat-v7:22.2.1:22:5
MERGED from com.android.support:support-v4:22.2.1:22:5
MERGED from com.android.support:design:22.2.1:22:5
MERGED from com.android.support:appcompat-v7:22.2.1:22:5
MERGED from com.android.support:support-v4:22.2.1:22:5
MERGED from com.android.support:support-v4:22.2.1:22:5
MERGED from com.android.support:support-v4:22.2.1:22:5
MERGED from com.android.support:cardview-v7:22.2.1:22:5
MERGED from com.android.support:support-v4:22.2.1:22:5
	android:label
		ADDED from AndroidManifest.xml:16:9
	android:allowBackup
		ADDED from AndroidManifest.xml:14:9
	android:icon
		ADDED from AndroidManifest.xml:15:9
	android:theme
		ADDED from AndroidManifest.xml:17:9
activity#be.davygevaert.gentsefeesten.SplashScreen
ADDED from AndroidManifest.xml:20:9
	android:screenOrientation
		ADDED from AndroidManifest.xml:23:13
	android:label
		ADDED from AndroidManifest.xml:22:13
	android:name
		ADDED from AndroidManifest.xml:21:13
intent-filter#android.intent.action.MAIN+android.intent.category.LAUNCHER
ADDED from AndroidManifest.xml:24:13
action#android.intent.action.MAIN
ADDED from AndroidManifest.xml:25:17
	android:name
		ADDED from AndroidManifest.xml:25:25
category#android.intent.category.LAUNCHER
ADDED from AndroidManifest.xml:27:17
	android:name
		ADDED from AndroidManifest.xml:27:27
activity#be.davygevaert.gentsefeesten.DataActivity
ADDED from AndroidManifest.xml:32:9
	android:label
		ADDED from AndroidManifest.xml:34:13
	android:name
		ADDED from AndroidManifest.xml:33:13
activity#be.davygevaert.gentsefeesten.CategorieActivity
ADDED from AndroidManifest.xml:36:9
	android:label
		ADDED from AndroidManifest.xml:38:13
	android:name
		ADDED from AndroidManifest.xml:37:13
activity#be.davygevaert.gentsefeesten.LocatieActivity
ADDED from AndroidManifest.xml:40:9
	android:label
		ADDED from AndroidManifest.xml:42:13
	android:name
		ADDED from AndroidManifest.xml:41:13
activity#be.davygevaert.gentsefeesten.EventActivity
ADDED from AndroidManifest.xml:44:9
	android:label
		ADDED from AndroidManifest.xml:46:13
	android:name
		ADDED from AndroidManifest.xml:45:13
activity#be.davygevaert.gentsefeesten.EventDetailActivity
ADDED from AndroidManifest.xml:48:9
	android:label
		ADDED from AndroidManifest.xml:50:13
	android:name
		ADDED from AndroidManifest.xml:49:13
activity#be.davygevaert.gentsefeesten.InfoActivity
ADDED from AndroidManifest.xml:52:9
	android:label
		ADDED from AndroidManifest.xml:54:13
	android:name
		ADDED from AndroidManifest.xml:53:13
activity#be.davygevaert.gentsefeesten.ParkingActivity
ADDED from AndroidManifest.xml:56:9
	android:label
		ADDED from AndroidManifest.xml:58:13
	android:name
		ADDED from AndroidManifest.xml:57:13
activity#be.davygevaert.gentsefeesten.InfoGentActivity
ADDED from AndroidManifest.xml:60:9
	android:label
		ADDED from AndroidManifest.xml:62:13
	android:name
		ADDED from AndroidManifest.xml:61:13
uses-sdk
INJECTED from AndroidManifest.xml:0:0 reason: use-sdk injection requested
MERGED from com.android.support:appcompat-v7:22.2.1:20:5
MERGED from com.android.support:support-v4:22.2.1:20:5
MERGED from com.android.support:design:22.2.1:20:5
MERGED from com.android.support:appcompat-v7:22.2.1:20:5
MERGED from com.android.support:support-v4:22.2.1:20:5
MERGED from com.android.support:support-v4:22.2.1:20:5
MERGED from com.android.support:recyclerview-v7:22.2.1:20:5
MERGED from com.android.support:support-v4:22.2.1:20:5
MERGED from com.android.support:cardview-v7:22.2.1:20:5
MERGED from com.android.support:support-v4:22.2.1:20:5
	android:targetSdkVersion
		INJECTED from AndroidManifest.xml:0:0
		INJECTED from AndroidManifest.xml:0:0
	android:minSdkVersion
		INJECTED from AndroidManifest.xml:0:0
		INJECTED from AndroidManifest.xml:0:0